<?xml version="1.0" encoding="utf-8"?><testsuites name="pytest tests"><testsuite name="pytest" errors="0" failures="0" skipped="0" tests="17" time="7.053" timestamp="2026-07-18T20:16:02.838954+00:00" hostname="agent-env-e8d09793-400e-4b4b-86b3-a74a125ee155"><testcase classname="tests.test_phase5_entries.TestEntriesList" name="test_list_status_and_shape" time="0.561" /><testcase classname="tests.test_phase5_entries.TestEntriesList" name="test_list_excludes_detailsHtml" time="0.533" /><testcase classname="tests.test_phase5_entries.TestEntriesList" name="test_list_has_new_fields" time="0.290" /><testcase classname="tests.test_phase5_entries.TestEntryDetail" name="test_detail_10775_has_detailsHtml" time="0.286" /><testcase classname="tests.test_phase5_entries.TestEntryDetail" name="test_10775_closingDate_is_null" time="0.287" /><testcase classname="tests.test_phase5_entries.TestEntryDetail" name="test_10772_closingDate_contains_17_or_july" time="0.285" /><testcase classname="tests.test_phase5_entries.TestClosingDateCoverage" name="test_at_least_40_entries_have_closingDate" time="0.839" /><testcase classname="tests.test_phase5_entries.TestSmartLinkLabels" name="test_10773_has_jd_and_eligibility" time="0.286" /><testcase classname="tests.test_phase5_entries.TestSmartLinkLabels" name="test_at_least_5_entries_use_smart_labels" time="0.823" /><testcase classname="tests.test_phase3_fcm.TestSubscribe" name="test_subscribe_with_garbage_token_is_handled" time="0.219" /><testcase classname="tests.test_phase3_fcm.TestSubscribe" name="test_subscribe_rejects_too_short_token" time="0.103" /><testcase classname="tests.test_phase3_fcm.TestNotifyTest" name="test_publish_without_slno" time="0.206" /><testcase classname="tests.test_phase3_fcm.TestNotifyTest" name="test_publish_unknown_slno_returns_404" time="0.337" /><testcase classname="tests.test_phase3_fcm.TestNotifyTest" name="test_publish_with_slno_10775_no_fake_deadline" time="0.481" /><testcase classname="tests.test_phase3_fcm.TestNotifyTest" name="test_publish_with_slno_10772_has_deadline" time="0.412" /><testcase classname="tests.test_phase3_fcm.TestNotifyTest" name="test_publish_message_only_notice" time="0.957" /><testcase classname="tests.test_phase3_fcm.TestServiceWorker" name="test_sw_reachable_at_origin_root" time="0.121" /></testsuite></testsuites>